<?xml version="1.0" encoding="UTF-8"?>
<testng-results ignored="0" total="4" passed="4" failed="0" skipped="0">
  <reporter-output>
  </reporter-output>
  <suite started-at="2023-12-20T23:14:01 IST" name="Assement" finished-at="2023-12-20T23:16:38 IST" duration-ms="157303">
    <groups>
    </groups>
    <test started-at="2023-12-20T23:14:01 IST" name="AssementTest" finished-at="2023-12-20T23:16:38 IST" duration-ms="157303">
      <class name="com.assignment.Assignmenttask">
        <test-method is-config="true" signature="openbrowser()[pri:0, instance:com.assignment.Assignmenttask@6d23017e]" started-at="2023-12-20T23:14:01 IST" name="openbrowser" finished-at="2023-12-20T23:14:56 IST" duration-ms="54846" status="PASS">
          <reporter-output>
          </reporter-output>
        </test-method> <!-- openbrowser -->
        <test-method signature="logn(java.lang.String,java.lang.String)[pri:0, instance:com.assignment.Assignmenttask@6d23017e]" started-at="2023-12-20T23:14:56 IST" name="logn" data-provider="logindata" finished-at="2023-12-20T23:15:09 IST" duration-ms="13027" status="PASS">
          <params>
            <param index="0">
              <value>
                <![CDATA[Student]]>
              </value>
            </param>
            <param index="1">
              <value>
                <![CDATA[Password123]]>
              </value>
            </param>
          </params>
          <reporter-output>
          </reporter-output>
        </test-method> <!-- logn -->
        <test-method is-config="true" signature="close()[pri:0, instance:com.assignment.Assignmenttask@6d23017e]" started-at="2023-12-20T23:15:09 IST" name="close" finished-at="2023-12-20T23:15:10 IST" duration-ms="1297" status="PASS">
          <reporter-output>
          </reporter-output>
        </test-method> <!-- close -->
        <test-method is-config="true" signature="openbrowser()[pri:0, instance:com.assignment.Assignmenttask@6d23017e]" started-at="2023-12-20T23:15:10 IST" name="openbrowser" finished-at="2023-12-20T23:15:45 IST" duration-ms="35076" status="PASS">
          <reporter-output>
          </reporter-output>
        </test-method> <!-- openbrowser -->
        <test-method signature="logn(java.lang.String,java.lang.String)[pri:0, instance:com.assignment.Assignmenttask@6d23017e]" started-at="2023-12-20T23:15:45 IST" name="logn" data-provider="logindata" finished-at="2023-12-20T23:15:58 IST" duration-ms="12683" status="PASS">
          <params>
            <param index="0">
              <value>
                <![CDATA[student]]>
              </value>
            </param>
            <param index="1">
              <value>
                <![CDATA[Password123]]>
              </value>
            </param>
          </params>
          <reporter-output>
          </reporter-output>
        </test-method> <!-- logn -->
        <test-method is-config="true" signature="close()[pri:0, instance:com.assignment.Assignmenttask@6d23017e]" started-at="2023-12-20T23:15:58 IST" name="close" finished-at="2023-12-20T23:15:58 IST" duration-ms="376" status="PASS">
          <reporter-output>
          </reporter-output>
        </test-method> <!-- close -->
        <test-method is-config="true" signature="openbrowser()[pri:0, instance:com.assignment.Assignmenttask@6d23017e]" started-at="2023-12-20T23:15:58 IST" name="openbrowser" finished-at="2023-12-20T23:16:19 IST" duration-ms="21379" status="PASS">
          <reporter-output>
          </reporter-output>
        </test-method> <!-- openbrowser -->
        <test-method signature="logn(java.lang.String,java.lang.String)[pri:0, instance:com.assignment.Assignmenttask@6d23017e]" started-at="2023-12-20T23:16:19 IST" name="logn" data-provider="logindata" finished-at="2023-12-20T23:16:20 IST" duration-ms="942" status="PASS">
          <params>
            <param index="0">
              <value>
                <![CDATA[student]]>
              </value>
            </param>
            <param index="1">
              <value>
                <![CDATA[password123]]>
              </value>
            </param>
          </params>
          <reporter-output>
          </reporter-output>
        </test-method> <!-- logn -->
        <test-method is-config="true" signature="close()[pri:0, instance:com.assignment.Assignmenttask@6d23017e]" started-at="2023-12-20T23:16:20 IST" name="close" finished-at="2023-12-20T23:16:22 IST" duration-ms="1470" status="PASS">
          <reporter-output>
          </reporter-output>
        </test-method> <!-- close -->
        <test-method is-config="true" signature="openbrowser()[pri:0, instance:com.assignment.Assignmenttask@6d23017e]" started-at="2023-12-20T23:16:22 IST" name="openbrowser" finished-at="2023-12-20T23:16:36 IST" duration-ms="13795" status="PASS">
          <reporter-output>
          </reporter-output>
        </test-method> <!-- openbrowser -->
        <test-method signature="logn(java.lang.String,java.lang.String)[pri:0, instance:com.assignment.Assignmenttask@6d23017e]" started-at="2023-12-20T23:16:36 IST" name="logn" data-provider="logindata" finished-at="2023-12-20T23:16:37 IST" duration-ms="924" status="PASS">
          <params>
            <param index="0">
              <value>
                <![CDATA[Student]]>
              </value>
            </param>
            <param index="1">
              <value>
                <![CDATA[password123]]>
              </value>
            </param>
          </params>
          <reporter-output>
          </reporter-output>
        </test-method> <!-- logn -->
        <test-method is-config="true" signature="close()[pri:0, instance:com.assignment.Assignmenttask@6d23017e]" started-at="2023-12-20T23:16:37 IST" name="close" finished-at="2023-12-20T23:16:38 IST" duration-ms="1247" status="PASS">
          <reporter-output>
          </reporter-output>
        </test-method> <!-- close -->
      </class> <!-- com.assignment.Assignmenttask -->
    </test> <!-- AssementTest -->
  </suite> <!-- Assement -->
</testng-results>
