<?xml version="1.0" encoding="UTF-8"?>
<!-- Generated by org.testng.reporters.JUnitXMLReporter -->
<testsuite ignored="0" hostname="DESKTOP-9EO936J" failures="0" tests="4" name="AssementTest" time="157.303" errors="0" timestamp="2023-12-20T23:16:38 IST">
  <testcase classname="com.assignment.Assignmenttask" name="logn" time="13.027"/>
  <testcase classname="com.assignment.Assignmenttask" name="logn" time="12.683"/>
  <testcase classname="com.assignment.Assignmenttask" name="logn" time="0.942"/>
  <testcase classname="com.assignment.Assignmenttask" name="logn" time="0.924"/>
</testsuite> <!-- AssementTest -->
