<?xml version="1.0" encoding="UTF-8"?>
<!-- Generated by org.testng.reporters.JUnitXMLReporter -->
<testsuite ignored="0" hostname="DESKTOP-9EO936J" failures="0" tests="4" name="Default test" time="129.299" errors="0" timestamp="2023-12-20T23:04:22 IST">
  <testcase classname="com.assignment.Assignmenttask" name="logn" time="0.942"/>
  <testcase classname="com.assignment.Assignmenttask" name="logn" time="2.565"/>
  <testcase classname="com.assignment.Assignmenttask" name="logn" time="0.843"/>
  <testcase classname="com.assignment.Assignmenttask" name="logn" time="0.766"/>
</testsuite> <!-- Default test -->
