<?xml version="1.0" encoding="UTF-8"?>
<!-- Generated by org.testng.reporters.JUnitReportReporter -->
<testsuite hostname="DESKTOP-9EO936J" failures="0" tests="4" name="com.assignment.Assignmenttask" time="157.062" errors="0" timestamp="2023-12-20T23:16:39 IST" skipped="0">
  <testcase classname="com.assignment.Assignmenttask" name="logn" time="34.782"/>
  <testcase classname="com.assignment.Assignmenttask" name="logn" time="27.775"/>
  <testcase classname="com.assignment.Assignmenttask" name="logn" time="57.017"/>
  <testcase classname="com.assignment.Assignmenttask" name="logn" time="37.488"/>
</testsuite> <!-- com.assignment.Assignmenttask -->
